<?xml version="1.0" encoding="UTF-8"?>
<robot generator="Robot 7.2.2 (Python 3.12.9 on win32)" generated="2025-04-02T16:07:03.727532" rpa="false" schemaversion="5">
<suite id="s1" name="TestCases" source="C:\Users\I589037\PycharmProjects\SwagLabsTest\POM\TestCases">
<suite id="s1-s1" name="CheckoutTest" source="C:\Users\I589037\PycharmProjects\SwagLabsTest\POM\TestCases\CheckoutTest.robot">
<test id="s1-s1-t1" name="CheckoutTest" line="14">
<kw name="SetUpKeword">
<kw name="OpenbrowserKeyword" owner="LoggingKeywords">
<kw name="Open Browser" owner="SeleniumLibrary">
<msg time="2025-04-02T16:07:04.022828" level="INFO">Opening browser 'headlesschrome' to base url 'https://dariosc04.github.io/SwagLabsTest/'.</msg>
<arg>${URL}</arg>
<arg>headlesschrome</arg>
<doc>Opens a new browser instance to the optional ``url``.</doc>
<status status="PASS" start="2025-04-02T16:07:04.022828" elapsed="3.009939"/>
</kw>
<kw name="Maximize Browser Window" owner="SeleniumLibrary">
<doc>Maximizes current browser window.</doc>
<status status="PASS" start="2025-04-02T16:07:07.033771" elapsed="0.022338"/>
</kw>
<status status="PASS" start="2025-04-02T16:07:04.021828" elapsed="3.034281"/>
</kw>
<kw name="LoginKeyword" owner="LoggingKeywords">
<kw name="Input Text" owner="SeleniumLibrary">
<msg time="2025-04-02T16:07:07.057116" level="INFO">Typing text 'standard_user' into text field 'id=username'.</msg>
<arg>${txt_login_username}</arg>
<arg>${USERNAME}</arg>
<doc>Types the given ``text`` into the text field identified by ``locator``.</doc>
<status status="PASS" start="2025-04-02T16:07:07.056109" elapsed="0.151126"/>
</kw>
<kw name="Input Text" owner="SeleniumLibrary">
<msg time="2025-04-02T16:07:07.208211" level="INFO">Typing text 'secret_sauce' into text field 'id=password'.</msg>
<arg>${txt_login_password}</arg>
<arg>${PASSWORD}</arg>
<doc>Types the given ``text`` into the text field identified by ``locator``.</doc>
<status status="PASS" start="2025-04-02T16:07:07.207235" elapsed="0.083234"/>
</kw>
<kw name="Click Element" owner="SeleniumLibrary">
<msg time="2025-04-02T16:07:07.292077" level="INFO">Clicking element 'id=login-button'.</msg>
<arg>${btn_login_login}</arg>
<doc>Click the element identified by ``locator``.</doc>
<status status="PASS" start="2025-04-02T16:07:07.290469" elapsed="0.086783"/>
</kw>
<arg>standard_user</arg>
<arg>secret_sauce</arg>
<status status="PASS" start="2025-04-02T16:07:07.056109" elapsed="0.321143"/>
</kw>
<kw name="Sleep" owner="BuiltIn">
<msg time="2025-04-02T16:07:08.377669" level="INFO">Slept 1 second.</msg>
<arg>1s</arg>
<doc>Pauses the test executed for the given time.</doc>
<status status="PASS" start="2025-04-02T16:07:07.377252" elapsed="1.000417"/>
</kw>
<status status="PASS" start="2025-04-02T16:07:04.021828" elapsed="4.355841"/>
</kw>
<kw name="AddToCart">
<kw name="AddToCartKeyword" owner="ProductPageKeyword">
<for flavor="IN RANGE">
<iter>
<kw name="Click Element" owner="SeleniumLibrary">
<msg time="2025-04-02T16:07:08.381844" level="INFO">Clicking element 'xpath=//*[@id='products-grid']/div[1]/button'.</msg>
<arg>xpath=//*[@id='products-grid']/div[${product_number}]/button</arg>
<doc>Click the element identified by ``locator``.</doc>
<status status="PASS" start="2025-04-02T16:07:08.380842" elapsed="0.187135"/>
</kw>
<kw name="Sleep" owner="BuiltIn">
<msg time="2025-04-02T16:07:09.569434" level="INFO">Slept 1 second.</msg>
<arg>1s</arg>
<doc>Pauses the test executed for the given time.</doc>
<status status="PASS" start="2025-04-02T16:07:08.568987" elapsed="1.000447"/>
</kw>
<var name="${i}">0</var>
<status status="PASS" start="2025-04-02T16:07:08.380842" elapsed="1.188592"/>
</iter>
<iter>
<kw name="Click Element" owner="SeleniumLibrary">
<msg time="2025-04-02T16:07:09.570789" level="INFO">Clicking element 'xpath=//*[@id='products-grid']/div[1]/button'.</msg>
<arg>xpath=//*[@id='products-grid']/div[${product_number}]/button</arg>
<doc>Click the element identified by ``locator``.</doc>
<status status="PASS" start="2025-04-02T16:07:09.570789" elapsed="0.165370"/>
</kw>
<kw name="Sleep" owner="BuiltIn">
<msg time="2025-04-02T16:07:10.737444" level="INFO">Slept 1 second.</msg>
<arg>1s</arg>
<doc>Pauses the test executed for the given time.</doc>
<status status="PASS" start="2025-04-02T16:07:09.737224" elapsed="1.000220"/>
</kw>
<var name="${i}">1</var>
<status status="PASS" start="2025-04-02T16:07:09.569434" elapsed="1.168010"/>
</iter>
<iter>
<kw name="Click Element" owner="SeleniumLibrary">
<msg time="2025-04-02T16:07:10.738483" level="INFO">Clicking element 'xpath=//*[@id='products-grid']/div[1]/button'.</msg>
<arg>xpath=//*[@id='products-grid']/div[${product_number}]/button</arg>
<doc>Click the element identified by ``locator``.</doc>
<status status="PASS" start="2025-04-02T16:07:10.738483" elapsed="0.149132"/>
</kw>
<kw name="Sleep" owner="BuiltIn">
<msg time="2025-04-02T16:07:11.888007" level="INFO">Slept 1 second.</msg>
<arg>1s</arg>
<doc>Pauses the test executed for the given time.</doc>
<status status="PASS" start="2025-04-02T16:07:10.887615" elapsed="1.000392"/>
</kw>
<var name="${i}">2</var>
<status status="PASS" start="2025-04-02T16:07:10.737444" elapsed="1.150563"/>
</iter>
<var>${i}</var>
<value>0</value>
<value>${QUANTITY}</value>
<status status="PASS" start="2025-04-02T16:07:08.379847" elapsed="3.508160"/>
</for>
<arg>${quantity}</arg>
<arg>${product_number}</arg>
<status status="PASS" start="2025-04-02T16:07:08.379847" elapsed="3.508160"/>
</kw>
<kw name="Sleep" owner="BuiltIn">
<msg time="2025-04-02T16:07:12.889249" level="INFO">Slept 1 second.</msg>
<arg>1s</arg>
<doc>Pauses the test executed for the given time.</doc>
<status status="PASS" start="2025-04-02T16:07:11.889024" elapsed="1.000225"/>
</kw>
<arg>1</arg>
<arg>3</arg>
<status status="PASS" start="2025-04-02T16:07:08.378823" elapsed="4.510426"/>
</kw>
<kw name="GoTocheckout">
<kw name="GoTocheckoutKeyword" owner="CheckoutKeywords">
<kw name="Click Element" owner="SeleniumLibrary">
<msg time="2025-04-02T16:07:12.891294" level="INFO">Clicking element 'xpath=//*[@id='product-page']/div[1]/div/div'.</msg>
<arg>${btn_product_shopping_cart}</arg>
<doc>Click the element identified by ``locator``.</doc>
<status status="PASS" start="2025-04-02T16:07:12.890259" elapsed="0.113936"/>
</kw>
<status status="PASS" start="2025-04-02T16:07:12.890259" elapsed="0.113936"/>
</kw>
<status status="PASS" start="2025-04-02T16:07:12.890259" elapsed="0.113936"/>
</kw>
<kw name="CompleteCheckout" owner="CheckoutKeywords">
<kw name="Input Text" owner="SeleniumLibrary">
<msg time="2025-04-02T16:07:13.005195" level="INFO">Typing text 'John' into text field 'id=first-name'.</msg>
<arg>${txt_checkout_first_name}</arg>
<arg>${FIRST_NAME}</arg>
<doc>Types the given ``text`` into the text field identified by ``locator``.</doc>
<status status="PASS" start="2025-04-02T16:07:13.005195" elapsed="0.135509"/>
</kw>
<kw name="Input Text" owner="SeleniumLibrary">
<msg time="2025-04-02T16:07:13.141710" level="INFO">Typing text 'Doe' into text field 'id=last-name'.</msg>
<arg>${txt_checkout_last_name}</arg>
<arg>${LAST_NAME}</arg>
<doc>Types the given ``text`` into the text field identified by ``locator``.</doc>
<status status="PASS" start="2025-04-02T16:07:13.140704" elapsed="0.126087"/>
</kw>
<kw name="Input Text" owner="SeleniumLibrary">
<msg time="2025-04-02T16:07:13.267793" level="INFO">Typing text '12345' into text field 'id=postal-code'.</msg>
<arg>${txt_checkout_postal_code}</arg>
<arg>${POSTAL_CODE}</arg>
<doc>Types the given ``text`` into the text field identified by ``locator``.</doc>
<status status="PASS" start="2025-04-02T16:07:13.267793" elapsed="0.098518"/>
</kw>
<kw name="Click Element" owner="SeleniumLibrary">
<msg time="2025-04-02T16:07:13.367316" level="INFO">Clicking element 'xpath=//*[@id='checkout-page']/div[2]/button'.</msg>
<arg>${btn_checkout_complete}</arg>
<doc>Click the element identified by ``locator``.</doc>
<status status="PASS" start="2025-04-02T16:07:13.367316" elapsed="0.054474"/>
</kw>
<arg>${FIRST_NAME}