<?xml version="1.0" encoding="UTF-8"?>
<robot generator="Robot 7.2.2 (Python 3.12.9 on win32)" generated="2025-03-26T11:05:29.847532" rpa="false" schemaversion="5">
<suite id="s1" name="LogInTest" source="C:\Users\I589037\PycharmProjects\SwagLabsTest\POM\TestCases\LogInTest.robot">
<test id="s1-t1" name="BasicLogin" line="6">
<kw name="Set Selenium Timeout" owner="SeleniumLibrary">
<arg>1s</arg>
<doc>Sets the timeout that is used by various keywords.</doc>
<status status="PASS" start="2025-03-26T11:05:30.141526" elapsed="0.000000"/>
</kw>
<kw name="Login">
<kw name="OpenbrowserKeyword" owner="LoggingKeywords">
<kw name="Open Browser" owner="SeleniumLibrary">
<msg time="2025-03-26T11:05:30.142569" level="INFO">Opening browser 'chrome' to base url 'file:///C:/Users/I589037/Downloads/swag_labs%20(1).html'.</msg>
<arg>${URL}</arg>
<arg>chrome</arg>
<doc>Opens a new browser instance to the optional ``url``.</doc>
<status status="PASS" start="2025-03-26T11:05:30.142569" elapsed="2.098406"/>
</kw>
<kw name="Maximize Browser Window" owner="SeleniumLibrary">
<doc>Maximizes current browser window.</doc>
<status status="PASS" start="2025-03-26T11:05:32.240975" elapsed="0.038640"/>
</kw>
<status status="PASS" start="2025-03-26T11:05:30.142569" elapsed="2.137046"/>
</kw>
<kw name="LoginKeyword" owner="LoggingKeywords">
<kw name="Input Text" owner="SeleniumLibrary">
<msg time="2025-03-26T11:05:32.280611" level="INFO">Typing text 'standart_user' into text field 'id=username'.</msg>
<arg>${txt_login_username}</arg>
<arg>${USERNAME}</arg>
<doc>Types the given ``text`` into the text field identified by ``locator``.</doc>
<status status="PASS" start="2025-03-26T11:05:32.280611" elapsed="0.260190"/>
</kw>
<kw name="Input Text" owner="SeleniumLibrary">
<msg time="2025-03-26T11:05:32.540801" level="INFO">Typing text 'secret_sauce' into text field 'id=password'.</msg>
<arg>${txt_login_password}</arg>
<arg>${PASSWORD}</arg>
<doc>Types the given ``text`` into the text field identified by ``locator``.</doc>
<status status="PASS" start="2025-03-26T11:05:32.540801" elapsed="0.120552"/>
</kw>
<kw name="Click Element" owner="SeleniumLibrary">
<msg time="2025-03-26T11:05:32.661353" level="INFO">Clicking element 'id=login-button'.</msg>
<arg>${btn_login_login}</arg>
<doc>Click the element identified by ``locator``.</doc>
<status status="PASS" start="2025-03-26T11:05:32.661353" elapsed="0.079541"/>
</kw>
<arg>${USERNAME}</arg>
<arg>${PASSWORD}</arg>
<status status="PASS" start="2025-03-26T11:05:32.280611" elapsed="0.460283"/>
</kw>
<kw name="LogoutKeyword" owner="LoggingKeywords">
<kw name="Wait Until Element Is Visible" owner="SeleniumLibrary">
<arg>${btn_login_login}</arg>
<arg>3s</arg>
<doc>Waits until the element ``locator`` is visible.</doc>
<status status="PASS" start="2025-03-26T11:05:32.741893" elapsed="0.019000"/>
</kw>
<kw name="Click Element" owner="SeleniumLibrary">
<msg time="2025-03-26T11:05:32.760893" level="INFO">Clicking element 'id=login-button'.</msg>
<arg>${btn_login_login}</arg>
<doc>Click the element identified by ``locator``.</doc>
<status status="PASS" start="2025-03-26T11:05:32.760893" elapsed="0.071007"/>
</kw>
<status status="PASS" start="2025-03-26T11:05:32.740894" elapsed="0.092021"/>
</kw>
<kw name="ClosebrowserKeyword" owner="LoggingKeywords">
<kw name="Close Browser" owner="SeleniumLibrary">
<doc>Closes the current browser.</doc>
<status status="PASS" start="2025-03-26T11:05:32.834427" elapsed="2.242108"/>
</kw>
<status status="PASS" start="2025-03-26T11:05:32.833914" elapsed="2.242621"/>
</kw>
<arg>standart_user</arg>
<arg>secret_sauce</arg>
<status status="PASS" start="2025-03-26T11:05:30.141526" elapsed="4.935009"/>
</kw>
<status status="PASS" start="2025-03-26T11:05:30.140527" elapsed="4.937008"/>
</test>
<status status="PASS" start="2025-03-26T11:05:29.849532" elapsed="5.228003"/>
</suite>
<statistics>
<total>
<stat pass="1" fail="0" skip="0">All Tests</stat>
</total>
<tag>
</tag>
<suite>
<stat name="LogInTest" id="s1" pass="1" fail="0" skip="0">LogInTest</stat>
</suite>
</statistics>
<errors>
</errors>
</robot>
