<?xml version="1.0" encoding="UTF-8"?>
<robot generator="Robot 7.2.2 (Python 3.12.9 on win32)" generated="2025-03-27T13:35:15.681692" rpa="false" schemaversion="5">
<suite id="s1" name="ProductPageTest" source="C:\Users\I589037\PycharmProjects\SwagLabsTest\POM\Testcases\ProductPageTest.robot">
<test id="s1-t1" name="AddToCartTest" line="8">
<kw name="SetUpKeword">
<kw name="OpenbrowserKeyword" owner="LoggingKeywords">
<kw name="Open Browser" owner="SeleniumLibrary">
<msg time="2025-03-27T13:35:15.974504" level="INFO">Opening browser 'chrome' to base url 'https://dariosc04.github.io/SwagLabsTest/'.</msg>
<arg>${URL}</arg>
<arg>chrome</arg>
<doc>Opens a new browser instance to the optional ``url``.</doc>
<status status="PASS" start="2025-03-27T13:35:15.974504" elapsed="2.758955"/>
</kw>
<kw name="Maximize Browser Window" owner="SeleniumLibrary">
<doc>Maximizes current browser window.</doc>
<status status="PASS" start="2025-03-27T13:35:18.733459" elapsed="0.053931"/>
</kw>
<status status="PASS" start="2025-03-27T13:35:15.973512" elapsed="2.814879"/>
</kw>
<kw name="LoginKeyword" owner="LoggingKeywords">
<kw name="Input Text" owner="SeleniumLibrary">
<msg time="2025-03-27T13:35:18.789389" level="INFO">Typing text 'standard_user' into text field 'id=username'.</msg>
<arg>${txt_login_username}</arg>
<arg>${USERNAME}</arg>
<doc>Types the given ``text`` into the text field identified by ``locator``.</doc>
<status status="PASS" start="2025-03-27T13:35:18.788391" elapsed="0.385135"/>
</kw>
<kw name="Input Text" owner="SeleniumLibrary">
<msg time="2025-03-27T13:35:19.173526" level="INFO">Typing text 'secret_sauce' into text field 'id=password'.</msg>
<arg>${txt_login_password}</arg>
<arg>${PASSWORD}</arg>
<doc>Types the given ``text`` into the text field identified by ``locator``.</doc>
<status status="PASS" start="2025-03-27T13:35:19.173526" elapsed="0.190551"/>
</kw>
<kw name="Click Element" owner="SeleniumLibrary">
<msg time="2025-03-27T13:35:19.365077" level="INFO">Clicking element 'id=login-button'.</msg>
<arg>${btn_login_login}</arg>
<doc>Click the element identified by ``locator``.</doc>
<status status="PASS" start="2025-03-27T13:35:19.365077" elapsed="0.086371"/>
</kw>
<arg>standard_user</arg>
<arg>secret_sauce</arg>
<status status="PASS" start="2025-03-27T13:35:18.788391" elapsed="0.663057"/>
</kw>
<kw name="Sleep" owner="BuiltIn">
<msg time="2025-03-27T13:35:20.452707" level="INFO">Slept 1 second.</msg>
<arg>1s</arg>
<doc>Pauses the test executed for the given time.</doc>
<status status="PASS" start="2025-03-27T13:35:19.452437" elapsed="1.000270"/>
</kw>
<status status="PASS" start="2025-03-27T13:35:15.973512" elapsed="4.479703"/>
</kw>
<kw name="AddToCart">
<kw name="AddToCartKeyword" owner="ProductPageKeyword">
<for flavor="IN RANGE">
<iter>
<kw name="Click Element" owner="SeleniumLibrary">
<msg time="2025-03-27T13:35:20.477224" level="INFO">Clicking element 'xpath=//*[@id='products-grid']/div[1]/button'.</msg>
<arg>xpath=//*[@id='products-grid']/div[${product_number}]/button</arg>
<doc>Click the element identified by ``locator``.</doc>
<status status="PASS" start="2025-03-27T13:35:20.476225" elapsed="0.158084"/>
</kw>
<var name="${i}">0</var>
<status status="PASS" start="2025-03-27T13:35:20.476225" elapsed="0.158084"/>
</iter>
<iter>
<kw name="Click Element" owner="SeleniumLibrary">
<msg time="2025-03-27T13:35:20.635310" level="INFO">Clicking element 'xpath=//*[@id='products-grid']/div[1]/button'.</msg>
<arg>xpath=//*[@id='products-grid']/div[${product_number}]/button</arg>
<doc>Click the element identified by ``locator``.</doc>
<status status="PASS" start="2025-03-27T13:35:20.635310" elapsed="0.130879"/>
</kw>
<var name="${i}">1</var>
<status status="PASS" start="2025-03-27T13:35:20.635310" elapsed="0.130879"/>
</iter>
<iter>
<kw name="Click Element" owner="SeleniumLibrary">
<msg time="2025-03-27T13:35:20.767190" level="INFO">Clicking element 'xpath=//*[@id='products-grid']/div[1]/button'.</msg>
<arg>xpath=//*[@id='products-grid']/div[${product_number}]/button</arg>
<doc>Click the element identified by ``locator``.</doc>
<status status="PASS" start="2025-03-27T13:35:20.766189" elapsed="0.145955"/>
</kw>
<var name="${i}">2</var>
<status status="PASS" start="2025-03-27T13:35:20.766189" elapsed="0.145955"/>
</iter>
<var>${i}</var>
<value>0</value>
<value>${QUANTITY}</value>
<status status="PASS" start="2025-03-27T13:35:20.476225" elapsed="0.436921"/>
</for>
<arg>${quantity}</arg>
<arg>${product_number}</arg>
<status status="PASS" start="2025-03-27T13:35:20.475224" elapsed="0.437922"/>
</kw>
<kw name="Sleep" owner="BuiltIn">
<msg time="2025-03-27T13:35:21.913769" level="INFO">Slept 1 second.</msg>
<arg>1s</arg>
<doc>Pauses the test executed for the given time.</doc>
<status status="PASS" start="2025-03-27T13:35:20.913146" elapsed="1.000623"/>
</kw>
<arg>1</arg>
<arg>3</arg>
<status status="PASS" start="2025-03-27T13:35:20.474224" elapsed="1.439545"/>
</kw>
<kw name="AddToCart">
<kw name="AddToCartKeyword" owner="ProductPageKeyword">
<for flavor="IN RANGE">
<iter>
<kw name="Click Element" owner="SeleniumLibrary">
<msg time="2025-03-27T13:35:21.914877" level="INFO">Clicking element 'xpath=//*[@id='products-grid']/div[2]/button'.</msg>
<arg>xpath=//*[@id='products-grid']/div[${product_number}]/button</arg>
<doc>Click the element identified by ``locator``.</doc>
<status status="PASS" start="2025-03-27T13:35:21.914877" elapsed="0.053599"/>
</kw>
<var name="${i}">0</var>
<status status="PASS" start="2025-03-27T13:35:21.914877" elapsed="0.053599"/>
</iter>
<iter>
<kw name="Click Element" owner="SeleniumLibrary">
<msg time="2025-03-27T13:35:21.969481" level="INFO">Clicking element 'xpath=//*[@id='products-grid']/div[2]/button'.</msg>
<arg>xpath=//*[@id='products-grid']/div[${product_number}]/button</arg>
<doc>Click the element identified by ``locator``.</doc>
<status status="PASS" start="2025-03-27T13:35:21.969481" elapsed="0.053001"/>
</kw>
<var name="${i}">1</var>
<status status="PASS" start="2025-03-27T13:35:21.968476" elapsed="0.054006"/>
</iter>
<var>${i}</var>
<value>0</value>
<value>${QUANTITY}</value>
<status status="PASS" start="2025-03-27T13:35:21.914877" elapsed="0.107605"/>
</for>
<arg>${quantity}</arg>
<arg>${product_number}</arg>
<status status="PASS" start="2025-03-27T13:35:21.913769" elapsed="0.108713"/>
</kw>
<kw name="Sleep" owner="BuiltIn">
<msg time="2025-03-27T13:35:23.023690" level="INFO">Slept 1 second.</msg>
<arg>1s</arg>
<doc>Pauses the test executed for the given time.</doc>
<status status="PASS" start="2025-03-27T13:35:22.022482" elapsed="1.001208"/>
</kw>
<arg>2</arg>
<arg>2</arg>
<status status="PASS" start="2025-03-27T13:35:21.913769" elapsed="1.109921"/>
</kw>
<kw name="AddToCart">
<kw name="AddToCartKeyword" owner="ProductPageKeyword">
<for flavor="IN RANGE">
<iter>
<kw name="Click Element" owner="SeleniumLibrary">
<msg time="2025-03-27T13:35:23.025714" level="INFO">Clicking element 'xpath=//*[@id='products-grid']/div[3]/button'.</msg>
<arg>xpath=//*[@id='products-grid']/div[${product_number}]/button</arg>
<doc>Click the element identified by ``locator``.</doc>
<status status="PASS" start="2025-03-27T13:35:23.025714" elapsed="0.067396"/>
</kw>
<var name="${i}">0</var>
<status status="PASS" start="2025-03-27T13:35:23.025714" elapsed="0.067396"/>
</iter>
<var>${i}</var>
<value>0</value>
<value>${QUANTITY}</value>
<status status="PASS" start="2025-03-27T13:35:23.025714" elapsed="0.067396"/>
</for>
<arg>${quantity}</arg>
<arg>${product_number}</arg>
<status status="PASS" start="2025-03-27T13:35:23.024699" elapsed="0.068411"/>
</kw>
<kw name="Sleep" owner="BuiltIn">
<msg time="2025-03-27T13:35:24.094369" level="INFO">Slept 1 second.</msg>
<arg>1s</arg>
<doc>Pauses the test executed for the given time.</doc>
<status status="PASS" start="2025-03-27T13:35:23.094122" elapsed="1.000247"/>
</kw>
<arg>3</arg>
<arg>1</arg>
<status status="PASS" start="2025-03-27T13:35:23.023690" elapsed="1.070679"/>
</kw>
<kw name="AddToCart">
<kw name="AddToCartKeyword" owner="ProductPageKeyword">
<for flavor="IN RANGE">
<iter>
<kw name="Click Element" owner="SeleniumLibrary">
<msg time="2025-03-27T13:35:24.095477" level="INFO">Clicking element 'xpath=//*[@id='products-grid']/div[4]/button'.</msg>
<arg>xpath=//*[@id='products-grid']/div[${product_number}]/button</arg>
<doc>Click the element identified by ``locator``.</doc>
<status status="PASS" start="2025-03-27T13:35:24.095477" elapsed="0.059815"/>
</kw>
<var name="${i}">0</var>
<status status="PASS" start="2025-03-27T13:35:24.095477" elapsed="0.059815"/>
</iter>
<iter>
<kw name="Click Element" owner="SeleniumLibrary">
<msg time="2025-03-27T13:35:24.155292" level="INFO">Clicking element 'xpath=//*[@id='products-grid']/div[4]/button'.</msg>
<arg>xpath=//*[@id='products-grid']/div[${product_number}]/button</arg>
<doc>Click the element identified by ``locator``.</doc>
<status status="PASS" start="2025-03-27T13:35:24.155292" elapsed="0.096774"/>
</kw>
<var name="${i}">1</var>
<status status="PASS" start="2025-03-27T13:35:24.155292" elapsed="0.096774"/>
</iter>
<iter>
<kw name="Click Element" owner="SeleniumLibrary">
<msg time="2025-03-27T13:35:24.252066" level="INFO">Clicking element 'xpath=//*[@id='products-grid']/div[4]/button'.</msg>
<arg>xpath=//*[@id='products-grid']/div[${product_number}]/button</arg>
<doc>Click the element identified by ``locator``.</doc>
<status status="PASS" start="2025-03-27T13:35:24.252066" elapsed="0.043573"/>
</kw>
<var name="${i}">2</var>
<status status="PASS" start="2025-03-27T13:35:24.252066" elapsed="0.043573"/>
</iter>
<iter>
<kw name="Click Element" owner="SeleniumLibrary">
<msg time="2025-03-27T13:35:24.295639" level="INFO">Clicking element 'xpath=//*[@id='products-grid']/div[4]/button'.</msg>
<arg>xpath=//*[@id='products-grid']/div[${product_number}]/button</arg>
<doc>Click the element identified by ``locator``.</doc>
<status status="PASS" start="2025-03-27T13:35:24.295639" elapsed="0.048664"/>
</kw>
<var name="${i}">3</var>
<status status="PASS" start="2025-03-27T13:35:24.295639" elapsed="0.048664"/>
</iter>
<iter>
<kw name="Click Element" owner="SeleniumLibrary">
<msg time="2025-03-27T13:35:24.345302" level="INFO">Clicking element 'xpath=//*[@id='products-grid']/div[4]/button'.</msg>
<arg>xpath=//*[@id='products-grid']/div[${product_number}]/button</arg>
<doc>Click the element identified by ``locator``.</doc>
<status status="PASS" start="2025-03-27T13:35:24.345302" elapsed="0.062003"/>
</kw>
<var name="${i}">4</var>
<status status="PASS" start="2025-03-27T13:35:24.344303" elapsed="0.063002"/>
</iter>
<var>${i}</var>
<value>0</value>
<value>${QUANTITY}</value>
<status status="PASS" start="2025-03-27T13:35:24.095477" elapsed="0.311828"/>
</for>
<arg>${quantity}</arg>
<arg>${product_number}</arg>
<status status="PASS" start="2025-03-27T13:35:24.094369" elapsed="0.312936"/>
</kw>
<kw name="Sleep" owner="BuiltIn">
<msg time="2025-03-27T13:35:25.409396" level="INFO">Slept 1 second.</msg>
<arg>1s</arg>
<doc>Pauses the test executed for the given time.</doc>
<status status="PASS" start="2025-03-27T13:35:24.408304" elapsed="1.001092"/>
</kw>
<arg>4</arg>
<arg>5</arg>
<status status="PASS" start="2025-03-27T13:35:24.094369" elapsed="1.315027"/>
</kw>
<kw name="TearDownKeyword">
<kw name="LogoutKeyword" owner="LoggingKeywords">
<kw name="Wait Until Element Is Visible" owner="SeleniumLibrary">
<arg>${btn_product_logout}</arg>
<arg>3s</arg>
<doc>Waits until the element ``locator`` is visible.</doc>
<status status="PASS" start="2025-03-27T13:35:25.410489" elapsed="0.024938"/>
</kw>
<kw name="Click Element" owner="SeleniumLibrary">
<msg time="2025-03-27T13:35:25.435427" level="INFO">Clicking element 'xpath=//*[@id='product-page']/div[1]/div/button'.</msg>
<arg>${btn_product_logout}</arg>
<doc>Click the element identified by ``locator``.</doc>
<status status="PASS" start="2025-03-27T13:35:25.435427" elapsed="0.091581"/>
</kw>
<status status="PASS" start="2025-03-27T13:35:25.409396" elapsed="0.117612"/>
</kw>
<kw name="ClosebrowserKeyword" owner="LoggingKeywords">
<kw name="Close Browser" owner="SeleniumLibrary">
<doc>Closes the current browser.</doc>
<status status="PASS" start="2025-03-27T13:35:25.528025" elapsed="2.249090"/>
</kw>
<status status="PASS" start="2025-03-27T13:35:25.527008" elapsed="2.251102"/>
</kw>
<status status="PASS" start="2025-03-27T13:35:25.409396" elapsed="2.368714"/>
</kw>
<status status="PASS" start="2025-03-27T13:35:15.972503" elapsed="11.805607"/>
</test>
<status status="PASS" start="2025-03-27T13:35:15.683703" elapsed="12.095404"/>
</suite>
<statistics>
<total>
<stat pass="1" fail="0" skip="0">All Tests</stat>
</total>
<tag>
</tag>
<suite>
<stat name="ProductPageTest" id="s1" pass="1" fail="0" skip="0">ProductPageTest</stat>
</suite>
</statistics>
<errors>
</errors>
</robot>
