<?xml version="1.0" encoding="UTF-8"?>
<robot generator="Robot 7.2.2 (Python 3.12.9 on win32)" generated="2025-04-02T15:34:59.109210" rpa="false" schemaversion="5">
<suite id="s1" name="CheckoutTest" source="C:\Users\I589037\PycharmProjects\SwagLabsTest\POM\TestCases\CheckoutTest.robot">
<test id="s1-t1" name="CheckoutTest" line="14">
<kw name="SetUpKeword">
<kw name="OpenbrowserKeyword" owner="LoggingKeywords">
<kw name="Open Browser" owner="SeleniumLibrary">
<msg time="2025-04-02T15:34:59.422831" level="INFO">Opening browser 'chrome' to base url 'https://dariosc04.github.io/SwagLabsTest/'.</msg>
<arg>${URL}</arg>
<arg>chrome</arg>
<doc>Opens a new browser instance to the optional ``url``.</doc>
<status status="PASS" start="2025-04-02T15:34:59.422831" elapsed="2.849219"/>
</kw>
<kw name="Maximize Browser Window" owner="SeleniumLibrary">
<doc>Maximizes current browser window.</doc>
<status status="PASS" start="2025-04-02T15:35:02.273046" elapsed="0.057029"/>
</kw>
<status status="PASS" start="2025-04-02T15:34:59.421822" elapsed="2.908253"/>
</kw>
<kw name="LoginKeyword" owner="LoggingKeywords">
<kw name="Input Text" owner="SeleniumLibrary">
<msg time="2025-04-02T15:35:02.332075" level="INFO">Typing text 'standard_user' into text field 'id=username'.</msg>
<arg>${txt_login_username}</arg>
<arg>${USERNAME}</arg>
<doc>Types the given ``text`` into the text field identified by ``locator``.</doc>
<status status="PASS" start="2025-04-02T15:35:02.331075" elapsed="0.300124"/>
</kw>
<kw name="Input Text" owner="SeleniumLibrary">
<msg time="2025-04-02T15:35:02.631199" level="INFO">Typing text 'secret_sauce' into text field 'id=password'.</msg>
<arg>${txt_login_password}</arg>
<arg>${PASSWORD}</arg>
<doc>Types the given ``text`` into the text field identified by ``locator``.</doc>
<status status="PASS" start="2025-04-02T15:35:02.631199" elapsed="0.184522"/>
</kw>
<kw name="Click Element" owner="SeleniumLibrary">
<msg time="2025-04-02T15:35:02.815721" level="INFO">Clicking element 'id=login-button'.</msg>
<arg>${btn_login_login}</arg>
<doc>Click the element identified by ``locator``.</doc>
<status status="PASS" start="2025-04-02T15:35:02.815721" elapsed="0.072116"/>
</kw>
<arg>standard_user</arg>
<arg>secret_sauce</arg>
<status status="PASS" start="2025-04-02T15:35:02.330075" elapsed="0.557762"/>
</kw>
<kw name="Sleep" owner="BuiltIn">
<msg time="2025-04-02T15:35:03.889367" level="INFO">Slept 1 second.</msg>
<arg>1s</arg>
<doc>Pauses the test executed for the given time.</doc>
<status status="PASS" start="2025-04-02T15:35:02.888831" elapsed="1.001055"/>
</kw>
<status status="PASS" start="2025-04-02T15:34:59.421822" elapsed="4.468064"/>
</kw>
<kw name="AddToCart">
<kw name="AddToCartKeyword" owner="ProductPageKeyword">
<for flavor="IN RANGE">
<iter>
<kw name="Click Element" owner="SeleniumLibrary">
<msg time="2025-04-02T15:35:03.891898" level="INFO">Clicking element 'xpath=//*[@id='products-grid']/div[1]/button'.</msg>
<arg>xpath=//*[@id='products-grid']/div[${product_number}]/button</arg>
<doc>Click the element identified by ``locator``.</doc>
<status status="PASS" start="2025-04-02T15:35:03.891898" elapsed="0.270503"/>
</kw>
<kw name="Sleep" owner="BuiltIn">
<msg time="2025-04-02T15:35:05.162742" level="INFO">Slept 1 second.</msg>
<arg>1s</arg>
<doc>Pauses the test executed for the given time.</doc>
<status status="PASS" start="2025-04-02T15:35:04.162401" elapsed="1.000341"/>
</kw>
<var name="${i}">0</var>
<status status="PASS" start="2025-04-02T15:35:03.890896" elapsed="1.271846"/>
</iter>
<iter>
<kw name="Click Element" owner="SeleniumLibrary">
<msg time="2025-04-02T15:35:05.162742" level="INFO">Clicking element 'xpath=//*[@id='products-grid']/div[1]/button'.</msg>
<arg>xpath=//*[@id='products-grid']/div[${product_number}]/button</arg>
<doc>Click the element identified by ``locator``.</doc>
<status status="PASS" start="2025-04-02T15:35:05.162742" elapsed="0.119495"/>
</kw>
<kw name="Sleep" owner="BuiltIn">
<msg time="2025-04-02T15:35:06.283601" level="INFO">Slept 1 second.</msg>
<arg>1s</arg>
<doc>Pauses the test executed for the given time.</doc>
<status status="PASS" start="2025-04-02T15:35:05.283236" elapsed="1.000365"/>
</kw>
<var name="${i}">1</var>
<status status="PASS" start="2025-04-02T15:35:05.162742" elapsed="1.120859"/>
</iter>
<iter>
<kw name="Click Element" owner="SeleniumLibrary">
<msg time="2025-04-02T15:35:06.284111" level="INFO">Clicking element 'xpath=//*[@id='products-grid']/div[1]/button'.</msg>
<arg>xpath=//*[@id='products-grid']/div[${product_number}]/button</arg>
<doc>Click the element identified by ``locator``.</doc>
<status status="PASS" start="2025-04-02T15:35:06.284111" elapsed="0.188497"/>
</kw>
<kw name="Sleep" owner="BuiltIn">
<msg time="2025-04-02T15:35:07.473934" level="INFO">Slept 1 second.</msg>
<arg>1s</arg>
<doc>Pauses the test executed for the given time.</doc>
<status status="PASS" start="2025-04-02T15:35:06.473609" elapsed="1.000325"/>
</kw>
<var name="${i}">2</var>
<status status="PASS" start="2025-04-02T15:35:06.284111" elapsed="1.189823"/>
</iter>
<var>${i}</var>
<value>0</value>
<value>${QUANTITY}</value>
<status status="PASS" start="2025-04-02T15:35:03.890896" elapsed="3.583038"/>
</for>
<arg>${quantity}</arg>
<arg>${product_number}</arg>
<status status="PASS" start="2025-04-02T15:35:03.890896" elapsed="3.583038"/>
</kw>
<kw name="Sleep" owner="BuiltIn">
<msg time="2025-04-02T15:35:08.476322" level="INFO">Slept 1 second.</msg>
<arg>1s</arg>
<doc>Pauses the test executed for the given time.</doc>
<status status="PASS" start="2025-04-02T15:35:07.474972" elapsed="1.001350"/>
</kw>
<arg>1</arg>
<arg>3</arg>
<status status="PASS" start="2025-04-02T15:35:03.889886" elapsed="4.586436"/>
</kw>
<kw name="GoTocheckout">
<kw name="GoTocheckoutKeyword" owner="CheckoutKeywords">
<kw name="Click Element" owner="SeleniumLibrary">
<msg time="2025-04-02T15:35:08.477349" level="INFO">Clicking element 'xpath=//*[@id='product-page']/div[1]/div/div'.</msg>
<arg>${btn_product_shopping_cart}</arg>
<doc>Click the element identified by ``locator``.</doc>
<status status="PASS" start="2025-04-02T15:35:08.477349" elapsed="0.107973"/>
</kw>
<status status="PASS" start="2025-04-02T15:35:08.477349" elapsed="0.107973"/>
</kw>
<status status="PASS" start="2025-04-02T15:35:08.476322" elapsed="0.110004"/>
</kw>
<kw name="CompleteCheckout" owner="CheckoutKeywords">
<kw name="Input Text" owner="SeleniumLibrary">
<msg time="2025-04-02T15:35:08.586326" level="INFO">Typing text 'John' into text field 'id=first-name'.</msg>
<arg>${txt_checkout_first_name}</arg>
<arg>${FIRST_NAME}</arg>
<doc>Types the given ``text`` into the text field identified by ``locator``.</doc>
<status status="PASS" start="2025-04-02T15:35:08.586326" elapsed="0.107207"/>
</kw>
<kw name="Input Text" owner="SeleniumLibrary">
<msg time="2025-04-02T15:35:08.694532" level="INFO">Typing text 'Doe' into text field 'id=last-name'.</msg>
<arg>${txt_checkout_last_name}</arg>
<arg>${LAST_NAME}</arg>
<doc>Types the given ``text`` into the text field identified by ``locator``.</doc>
<status status="PASS" start="2025-04-02T15:35:08.694532" elapsed="0.130696"/>
</kw>
<kw name="Input Text" owner="SeleniumLibrary">
<msg time="2025-04-02T15:35:08.826227" level="INFO">Typing text '12345' into text field 'id=postal-code'.</msg>
<arg>${txt_checkout_postal_code}</arg>
<arg>${POSTAL_CODE}</arg>
<doc>Types the given ``text`` into the text field identified by ``locator``.</doc>
<status status="PASS" start="2025-04-02T15:35:08.825228" elapsed="0.085530"/>
</kw>
<kw name="Click Element" owner="SeleniumLibrary">
<msg time="2025-04-02T15:35:08.911758" level="INFO">Clicking element 'xpath=//*[@id='checkout-page']/div[2]/button'.</msg>
<arg>${btn_checkout_complete}</arg>
<doc>Click the element identified by ``locator``.</doc>
<status status="PASS" start="2025-04-02T15:35:08.910758" elapsed="0.104626"/>
</kw>
<arg>${FIRST_NAME}</arg>
<arg>${LAST_NAME}</arg>
<arg>${POSTAL_CODE}</arg>
<status status="PASS" start="2025-04-02T15:35:08.586326" elapsed="0.429058"/>
</kw>
<kw name="ValidateCheckout" owner="CheckoutKeywords">
<kw name="Get Text" owner="SeleniumLibrary">
<msg time="2025-04-02T15:35:09.038382" level="INFO">${text} = Thank You For Your Order!</msg>
<var>${text}</var>
<arg>${txt_checkout_complete}</arg>
<doc>Returns the text value of the element identified by ``locator``.</doc>
<status status="PASS" start="2025-04-02T15:35:09.016387" elapsed="0.021995"/>
</kw>
<kw name="Should Be Equal" owner="BuiltIn">
<arg>${text}</arg>
<arg>Thank You For Your Order!</arg>
<doc>Fails if the given objects are unequal.</doc>
<status status="PASS" start="2025-04-02T15:35:09.038382" elapsed="0.000999"/>
</kw>
<status status="PASS" start="2025-04-02T15:35:09.016387" elapsed="0.022994"/>
</kw>
<kw name="TearDownKeyword">
<kw name="ClosebrowserKeyword" owner="LoggingKeywords">
<kw name="Close Browser" owner="SeleniumLibrary">
<doc>Closes the current browser.</doc>
<status status="PASS" start="2025-04-02T15:35:09.039381" elapsed="2.290660"/>
</kw>
<status status="PASS" start="2025-04-02T15:35:09.039381" elapsed="2.290660"/>
</kw>
<status status="PASS" start="2025-04-02T15:35:09.039381" elapsed="2.290660"/>
</kw>
<status status="PASS" start="2025-04-02T15:34:59.421261" elapsed="11.910339"/>
</test>
<status status="PASS" start="2025-04-02T15:34:59.111218" elapsed="12.221963"/>
</suite>
<statistics>
<total>
<stat pass="1" fail="0" skip="0">All Tests</stat>
</total>
<tag>
</tag>
<suite>
<stat name="CheckoutTest" id="s1" pass="1" fail="0" skip="0">CheckoutTest</stat>
</suite>
</statistics>
<errors>
</errors>
</robot>
